<?xml version="1.0" encoding="UTF-8"?>
<!-- Generated by org.testng.reporters.JUnitReportReporter -->
<testsuite hostname="DESKTOP-PDHH13S" failures="0" tests="1" name="testng.Assignment14" time="19.020" errors="0" timestamp="2023-01-02T16:26:38 EST" skipped="0">
  <testcase classname="testng.Assignment14" name="changeCalendarDate" time="19.020"/>
  <system-out/>
</testsuite> <!-- testng.Assignment14 -->
