<?xml version="1.0" encoding="UTF-8"?>
<!-- Generated by org.testng.reporters.JUnitReportReporter -->
<testsuite hostname="DESKTOP-PDHH13S" failures="0" tests="1" name="testng.H2OPracticePage_Assignment_Divisha" time="49.058" errors="0" timestamp="2022-12-30T16:35:16 EST" skipped="0">
  <testcase classname="testng.H2OPracticePage_Assignment_Divisha" name="getWebElements" time="49.058"/>
  <system-out/>
</testsuite> <!-- testng.H2OPracticePage_Assignment_Divisha -->
