<?xml version="1.0" encoding="UTF-8"?>
<!-- Generated by org.testng.reporters.JUnitReportReporter -->
<testsuite hostname="DESKTOP-PDHH13S" failures="0" tests="1" name="testng.Assignment15" time="43.380" errors="0" timestamp="2023-01-02T16:21:26 EST" skipped="0">
  <testcase classname="testng.Assignment15" name="captchaScanner" time="43.380"/>
  <system-out/>
</testsuite> <!-- testng.Assignment15 -->
