<?xml version="1.0" encoding="UTF-8"?>
<!-- Generated by org.testng.reporters.JUnitReportReporter -->
<testsuite hostname="DESKTOP-PDHH13S" failures="0" tests="1" name="testng.Assignment13" time="46.779" errors="0" timestamp="2023-01-02T16:26:38 EST" skipped="0">
  <testcase classname="testng.Assignment13" name="blazeDemo" time="46.779"/>
  <system-out/>
</testsuite> <!-- testng.Assignment13 -->
