<?xml version="1.0" encoding="UTF-8"?>
<!-- Generated by org.testng.reporters.JUnitReportReporter -->
<testsuite hostname="DESKTOP-PDHH13S" failures="0" tests="1" name="testng.Assignment16" time="19.244" errors="0" timestamp="2023-01-03T13:48:46 EST" skipped="0">
  <testcase classname="testng.Assignment16" name="switchNewTab" time="19.244"/>
  <system-out/>
</testsuite> <!-- testng.Assignment16 -->
