<?xml version="1.0" encoding="UTF-8"?>
<!-- Generated by org.testng.reporters.JUnitReportReporter -->
<testsuite hostname="DESKTOP-PDHH13S" failures="0" tests="1" name="testng.FbLogin" time="7.712" errors="0" timestamp="2023-01-02T16:26:38 EST" skipped="0">
  <testcase classname="testng.FbLogin" name="f" time="7.712"/>
  <system-out/>
</testsuite> <!-- testng.FbLogin -->
