<?xml version="1.0" encoding="UTF-8"?>
<!-- Generated by org.testng.reporters.JUnitReportReporter -->
<testsuite hostname="DESKTOP-PDHH13S" failures="0" tests="9" name="testng.TS_001_CreateNewAccount_Divisha" time="61.718" errors="0" timestamp="2022-12-29T16:05:42 EST" skipped="0">
  <testcase classname="testng.TS_001_CreateNewAccount_Divisha" name="TC_003" time="3.114"/>
  <system-out/>
  <testcase classname="testng.TS_001_CreateNewAccount_Divisha" name="TC_004" time="6.169"/>
  <system-out/>
  <testcase classname="testng.TS_001_CreateNewAccount_Divisha" name="TC_001" time="10.176"/>
  <system-out/>
  <testcase classname="testng.TS_001_CreateNewAccount_Divisha" name="TC_006" time="6.154"/>
  <system-out/>
  <testcase classname="testng.TS_001_CreateNewAccount_Divisha" name="TC_007" time="6.131"/>
  <system-out/>
  <testcase classname="testng.TS_001_CreateNewAccount_Divisha" name="TC_009" time="17.405"/>
  <system-out/>
  <testcase classname="testng.TS_001_CreateNewAccount_Divisha" name="TC_005" time="6.142"/>
  <system-out/>
  <testcase classname="testng.TS_001_CreateNewAccount_Divisha" name="TC_008" time="3.038"/>
  <system-out/>
  <testcase classname="testng.TS_001_CreateNewAccount_Divisha" name="TC_002" time="3.389"/>
  <system-out/>
</testsuite> <!-- testng.TS_001_CreateNewAccount_Divisha -->
