<?xml version="1.0" encoding="UTF-8"?>
<!-- Generated by org.testng.reporters.JUnitReportReporter -->
<testsuite hostname="DESKTOP-PDHH13S" failures="0" tests="1" name="testng.Assignment17" time="23.225" errors="0" timestamp="2023-01-03T15:07:59 EST" skipped="0">
  <testcase classname="testng.Assignment17" name="switchNewTab2" time="23.225"/>
  <system-out/>
</testsuite> <!-- testng.Assignment17 -->
